<?xml version="1.0" encoding="UTF-8"?>
<testng-results ignored="0" total="1" passed="1" failed="0" skipped="0">
  <reporter-output>
  </reporter-output>
  <suite started-at="2024-03-17T20:59:16 IST" name="Default suite" finished-at="2024-03-17T20:59:21 IST" duration-ms="4906">
    <groups>
    </groups>
    <test started-at="2024-03-17T20:59:16 IST" name="Default test" finished-at="2024-03-17T20:59:21 IST" duration-ms="4906">
      <class name="module1.Mytest1">
        <test-method signature="demo()[pri:0, instance:module1.Mytest1@43bc63a3]" started-at="2024-03-17T20:59:16 IST" name="demo" finished-at="2024-03-17T20:59:21 IST" duration-ms="4850" status="PASS">
          <reporter-output>
          </reporter-output>
        </test-method> <!-- demo -->
      </class> <!-- module1.Mytest1 -->
    </test> <!-- Default test -->
  </suite> <!-- Default suite -->
</testng-results>
